#
# A fatal error has been detected by the Java Runtime Environment:
#
#  SIGSEGV (0xb) at pc=0x00007f51511f2fb2, pid=56690, tid=56711
#
# JRE version: Java(TM) SE Runtime Environment (9.0+11) (build 9.0.4+11)
# Java VM: Java HotSpot(TM) 64-Bit Server VM (9.0.4+11, mixed mode, tiered, compressed oops, g1 gc, linux-amd64)
# Problematic frame:
# C  [libjimage.so+0x3fb2]  ImageStrings::find(Endian*, char const*, int*, unsigned int)+0x42
#
# Core dump will be written. Default location: Core dumps may be processed with "/usr/share/apport/apport %p %s %c %d %P" (or dumping to /home/fgodinho/workspace/src/development/extended-signing-policies-provider/core.56690)
#
# If you would like to submit a bug report, please visit:
#   http://bugreport.java.com/bugreport/crash.jsp
#

---------------  S U M M A R Y ------------

Command Line: -agentlib:jdwp=transport=dt_socket,suspend=y,address=localhost:43055 -Dfile.encoding=UTF-8 Main /tmp/hlf-xsp.sock

Host: Intel(R) Core(TM) i5-5200U CPU @ 2.20GHz, 4 cores, 11G, Ubuntu 16.04.4 LTS
Time: Thu Jul  5 00:17:22 2018 WEST elapsed time: 135 seconds (0d 0h 2m 15s)

---------------  T H R E A D  ---------------

Current thread (0x00007f514c1a9800):  JavaThread "Signal Dispatcher" daemon [_thread_in_vm, id=56711, stack(0x00007f50fec3f000,0x00007f50fed40000)]

Stack: [0x00007f50fec3f000,0x00007f50fed40000],  sp=0x00007f50fed3d2c0,  free space=1016k
Native frames: (J=compiled Java code, A=aot compiled Java code, j=interpreted, Vv=VM code, C=native code)
C  [libjimage.so+0x3fb2]  ImageStrings::find(Endian*, char const*, int*, unsigned int)+0x42
C  [libjimage.so+0x4b8c]  ImageFileReader::find_location_index(char const*, unsigned long long*) const+0x3c
C  [libjimage.so+0x505a]  JIMAGE_FindResource+0xba
V  [libjvm.so+0x5aae8e]